<?xml version="1.0" encoding="UTF-8"?>
<!-- Generated by org.testng.reporters.JUnitReportReporter -->
<testsuite skipped="0" hostname="tcw-06" name="Academy.validateNavigationBar" tests="1" failures="0" timestamp="07 Jan 2019 05:20:06 GMT" time="0.054" errors="0">
  <testcase name="basePageNavigation" time="0.054" classname="Academy.validateNavigationBar"/>
</testsuite> <!-- Academy.validateNavigationBar -->
