<?xml version="1.0" encoding="UTF-8"?>
<!-- Generated by org.testng.reporters.JUnitReportReporter -->
<testsuite skipped="0" hostname="tcw-06" name="Academy.validateTitle" tests="1" failures="0" timestamp="07 Jan 2019 05:03:39 GMT" time="0.067" errors="0">
  <testcase name="basePageNavigation" time="0.067" classname="Academy.validateTitle"/>
</testsuite> <!-- Academy.validateTitle -->
