<?xml version="1.0" encoding="UTF-8"?>
<!-- Generated by org.testng.reporters.JUnitReportReporter -->
<testsuite skipped="0" hostname="tcw-06" name="Academy.callingClass" tests="2" failures="0" timestamp="07 Jan 2019 05:03:39 GMT" time="56.804" errors="0">
  <testcase name="basePageNavigation" time="27.133" classname="Academy.callingClass"/>
  <testcase name="basePageNavigation" time="29.671" classname="Academy.callingClass"/>
</testsuite> <!-- Academy.callingClass -->
